2025-03-13 05:54:11,981 - setup_test - INFO - Logging configured successfully with level DEBUG at ./logs/app.log
2025-03-13 05:54:11,981 - app - INFO - Application is Starting
2025-03-13 05:54:11,981 - app - INFO - Starting plugin loading process
2025-03-13 05:54:12,014 - app - INFO - Registered command: add
2025-03-13 05:54:12,015 - app - INFO - Registered command: divide
2025-03-13 05:54:20,567 - app - INFO - Registered command: history_clear
2025-03-13 05:54:20,568 - app - INFO - Registered command: history_load
2025-03-13 05:54:20,568 - app - INFO - Registered command: history_show
2025-03-13 05:54:20,569 - app - INFO - Registered command: last_operation
2025-03-13 05:54:20,569 - app - INFO - Registered command: multiply
2025-03-13 05:54:20,570 - app - INFO - Registered command: subtract
2025-03-13 05:54:20,570 - app - INFO - Application initialized
2025-03-13 05:54:20,570 - app - INFO - Starting REPL interface
2025-03-13 05:55:10,200 - app - DEBUG - User input: menu
2025-03-13 05:55:18,026 - app - DEBUG - User input: Menu
2025-03-13 05:56:04,432 - app - DEBUG - User input: menu
2025-03-13 05:56:31,257 - app - DEBUG - User input: add 6 5
2025-03-13 05:56:44,219 - app - DEBUG - User input: sub 7 9
2025-03-13 05:56:55,235 - app - DEBUG - User input: subtract 7 9
2025-03-13 05:58:40,135 - app - DEBUG - User input: multiply 6 7
2025-03-13 05:58:51,920 - app - DEBUG - User input: divide 56 7
2025-03-13 05:59:00,995 - app - DEBUG - User input: divide 48 8
2025-03-13 06:15:57,786 - app - DEBUG - User input: history_show
2025-03-13 06:15:57,793 - app.plugins.history_facade - DEBUG - Formatting calculation history
2025-03-13 06:28:18,595 - app - DEBUG - User input: history_save
2025-03-13 06:29:12,542 - app - DEBUG - User input: history_save
2025-03-13 06:29:38,182 - app - DEBUG - User input: history_load
2025-03-13 06:29:38,185 - app.plugins.history_facade - DEBUG - Using history directory: calculator_history
2025-03-13 06:29:38,191 - app.plugins.history_facade - INFO - Created history directory at /Users/bharathreddy/Mid_term/calculator_history
2025-03-13 06:29:38,193 - app.plugins.history_facade - DEBUG - Found 0 CSV files in history directory
2025-03-13 06:36:18,096 - app - DEBUG - User input: python main.py
2025-03-13 06:36:23,319 - app - DEBUG - User input: exit
2025-03-13 06:36:23,320 - app - INFO - Exit command received
2025-03-13 06:36:35,536 - setup_test - INFO - Logging configured successfully with level DEBUG at ./logs/app.log
2025-03-13 06:36:35,536 - app - INFO - Application is Starting
2025-03-13 06:36:35,536 - app - INFO - Starting plugin loading process
2025-03-13 06:36:35,547 - app - INFO - Registered command: add
2025-03-13 06:36:35,547 - app - INFO - Registered command: divide
2025-03-13 06:36:35,904 - app - INFO - Registered command: history_clear
2025-03-13 06:36:35,904 - app - INFO - Registered command: history_load
2025-03-13 06:36:35,905 - app - INFO - Registered command: history_save
2025-03-13 06:36:35,906 - app - INFO - Registered command: history_show
2025-03-13 06:36:35,906 - app - INFO - Registered command: last_operation
2025-03-13 06:36:35,906 - app - INFO - Registered command: multiply
2025-03-13 06:36:35,906 - app - INFO - Registered command: subtract
2025-03-13 06:36:35,906 - app - INFO - Application initialized
2025-03-13 06:36:35,906 - app - INFO - Starting REPL interface
2025-03-13 06:36:41,387 - app - DEBUG - User input: add 8 5
2025-03-13 06:36:48,255 - app - DEBUG - User input: subtract 9 6
2025-03-13 06:36:57,765 - app - DEBUG - User input: history_show
2025-03-13 06:36:57,765 - app.plugins.history_facade - DEBUG - Formatting calculation history
2025-03-13 06:37:05,170 - app - DEBUG - User input: history_save
2025-03-13 06:37:05,172 - app.plugins.history_facade - DEBUG - Using history directory: calculator_history
2025-03-13 06:37:05,173 - app.plugins.history_facade - INFO - Created history directory at /Users/bharathreddy/Mid_term/calculator_history
2025-03-13 06:37:05,173 - app.plugins.history_facade - INFO - Saving 2 records to calculator_history/calculator_history_20250313_063705.csv
2025-03-13 06:37:05,183 - app.plugins.history_facade - DEBUG - CSV file created successfully at calculator_history/calculator_history_20250313_063705.csv
2025-03-13 06:37:12,845 - app - DEBUG - User input: history_load
2025-03-13 06:37:12,845 - app.plugins.history_facade - DEBUG - Using history directory: calculator_history
2025-03-13 06:37:12,845 - app.plugins.history_facade - INFO - Created history directory at /Users/bharathreddy/Mid_term/calculator_history
2025-03-13 06:37:12,846 - app.plugins.history_facade - DEBUG - Found 1 CSV files in history directory
2025-03-13 06:37:24,709 - app.plugins.history_facade - INFO - Attempting to load history from calculator_history_20250313_063705.csv
2025-03-13 06:37:24,710 - app.plugins.history_facade - DEBUG - Using history directory: calculator_history
2025-03-13 06:37:24,710 - app.plugins.history_facade - INFO - Created history directory at /Users/bharathreddy/Mid_term/calculator_history
2025-03-13 06:37:24,716 - app.plugins.history_facade - INFO - Cleared existing history before import
2025-03-13 06:37:24,718 - app.plugins.history_facade - DEBUG - Formatting calculation history
2025-03-13 06:37:24,718 - app.plugins.history_facade - INFO - Successfully loaded 2 records from calculator_history_20250313_063705.csv
2025-03-13 06:37:37,527 - app - DEBUG - User input: history_clear
2025-03-13 06:37:37,528 - app.plugins.history_facade - INFO - Clearing operation history
